2023-06-08 00:09:24,985: root, ERROR : Video Failed (<urlopen error [Errno 11001] getaddrinfo failed>)
2023-06-08 00:10:40,520: root, ERROR : Video Failed (<urlopen error [Errno 11001] getaddrinfo failed>)
2023-06-08 00:11:19,992: root, ERROR : Video Failed (<urlopen error [Errno 11001] getaddrinfo failed>)
2023-06-08 00:11:58,759: root, ERROR : Video Failed (<urlopen error [Errno 11001] getaddrinfo failed>)
2023-06-08 00:14:09,126: root, ERROR : Video Failed (<urlopen error [Errno 11001] getaddrinfo failed>)
2023-06-08 00:16:00,404: root, ERROR : Video Failed (<urlopen error [Errno 11001] getaddrinfo failed>)
2023-06-08 00:41:57,713: root, ERROR : Video Failed (unsupported operand type(s) for +: 'dict' and 'dict')
2023-06-08 00:43:37,641: root, ERROR : Video Failed (unsupported operand type(s) for +: 'dict' and 'dict')
2023-06-08 00:44:12,767: root, ERROR : Video Failed (unknown option "-values")
2023-06-08 00:52:32,451: root, ERROR : Video Failed ('menu')
2023-06-08 00:54:03,447: root, ERROR : Video Failed ('values')
2023-06-08 00:59:16,724: root, ERROR : Video Failed ('tuple' object has no attribute 'ljust')
2023-06-08 01:06:33,616: root, ERROR : Video Failed (regex_search: could not find match for (?:v=|\/)([0-9A-Za-z_-]{11}).*)
2023-06-08 01:06:36,696: root, ERROR : Video Failed (regex_search: could not find match for (?:v=|\/)([0-9A-Za-z_-]{11}).*)
2023-06-08 01:19:28,477: root, ERROR : Video Failed (regex_search: could not find match for (?:v=|\/)([0-9A-Za-z_-]{11}).*)
2023-06-08 01:21:25,243: root, ERROR : Video Failed (regex_search: could not find match for (?:v=|\/)([0-9A-Za-z_-]{11}).*)
2023-06-08 01:21:31,243: root, ERROR : Video Failed (regex_search: could not find match for (?:v=|\/)([0-9A-Za-z_-]{11}).*)
2023-06-08 01:21:33,451: root, ERROR : Video Failed (regex_search: could not find match for (?:v=|\/)([0-9A-Za-z_-]{11}).*)
2023-06-08 01:24:00,810: root, ERROR : Video Failed (regex_search: could not find match for (?:v=|\/)([0-9A-Za-z_-]{11}).*)
2023-06-08 01:24:02,762: root, ERROR : Video Failed (regex_search: could not find match for (?:v=|\/)([0-9A-Za-z_-]{11}).*)
2023-06-08 19:32:00,977: root, ERROR : Video Failed ('_tkinter.tkapp' object has no attribute 'download_menu')
2023-06-08 19:32:28,240: root, ERROR : Video Failed ('_tkinter.tkapp' object has no attribute 'download_menu')
2023-06-08 19:56:44,177: root, ERROR : Video Failed (regex_search: could not find match for (?:v=|\/)([0-9A-Za-z_-]{11}).*)
2023-06-08 19:56:56,249: root, ERROR : Video Failed (regex_search: could not find match for (?:v=|\/)([0-9A-Za-z_-]{11}).*)
2023-06-08 19:57:02,713: root, ERROR : Video Failed (regex_search: could not find match for (?:v=|\/)([0-9A-Za-z_-]{11}).*)
2023-06-08 20:01:36,054: root, ERROR : Video Failed (regex_search: could not find match for (?:v=|\/)([0-9A-Za-z_-]{11}).*)
2023-06-08 20:33:48,822: root, ERROR : Video Failed ('_tkinter.tkapp' object has no attribute 'videoName_stringVar')
